\BOOKMARK [1][-]{section.1}{\376\377\004\022\004\062\004\065\004\064\004\065\004\075\004\070\004\065}{}% 1
\BOOKMARK [2][-]{subsection.1.1}{\376\377\004\020\004\072\004\102\004\103\004\060\004\073\004\114\004\075\004\076\004\101\004\102\004\114\000\040\004\077\004\100\004\076\004\061\004\073\004\065\004\074\004\113}{section.1}% 2
\BOOKMARK [2][-]{subsection.1.2}{\376\377\004\046\004\065\004\073\004\070\000\040\004\070\000\040\004\067\004\060\004\064\004\060\004\107\004\070}{section.1}% 3
\BOOKMARK [3][-]{subsubsection.1.2.1}{\376\377\004\046\004\065\004\073\004\114}{subsection.1.2}% 4
\BOOKMARK [3][-]{subsubsection.1.2.2}{\376\377\004\027\004\060\004\064\004\060\004\107\004\070}{subsection.1.2}% 5
\BOOKMARK [2][-]{subsection.1.3}{\376\377\004\041\004\102\004\060\004\102\004\114\004\070}{section.1}% 6
\BOOKMARK [2][-]{subsection.1.4}{\376\377\004\024\004\076\004\072\004\103\004\074\004\065\004\075\004\102\004\060\004\106\004\070\004\117\000\040\004\061\004\070\004\100\004\066}{section.1}% 7
\BOOKMARK [2][-]{subsection.1.5}{\376\377\004\024\004\076\004\072\004\103\004\074\004\065\004\075\004\102\004\060\004\106\004\070\004\117\000\040\004\061\004\070\004\061\004\073\004\070\004\076\004\102\004\065\004\072}{section.1}% 8
\BOOKMARK [2][-]{subsection.1.6}{\376\377\004\020\004\075\004\060\004\073\004\076\004\063\004\070}{section.1}% 9
\BOOKMARK [1][-]{section.2}{\376\377\004\040\004\065\004\104\004\065\004\100\004\060\004\102}{}% 10
\BOOKMARK [1][-]{section.3}{\376\377\004\022\004\062\004\065\004\064\004\065\004\075\004\070\004\065}{}% 11
\BOOKMARK [2][-]{subsection.3.1}{\376\377\004\020\004\072\004\102\004\103\004\060\004\073\004\114\004\075\004\076\004\101\004\102\004\114\000\040\004\077\004\100\004\076\004\061\004\073\004\065\004\074\004\113}{section.3}% 12
\BOOKMARK [2][-]{subsection.3.2}{\376\377\004\046\004\065\004\073\004\070\000\040\004\070\000\040\004\067\004\060\004\064\004\060\004\107\004\070}{section.3}% 13
\BOOKMARK [3][-]{subsubsection.3.2.1}{\376\377\004\046\004\065\004\073\004\114}{subsection.3.2}% 14
\BOOKMARK [3][-]{subsubsection.3.2.2}{\376\377\004\027\004\060\004\064\004\060\004\107\004\070}{subsection.3.2}% 15
\BOOKMARK [2][-]{subsection.3.3}{\376\377\004\041\004\102\004\060\004\102\004\114\004\070}{section.3}% 16
\BOOKMARK [2][-]{subsection.3.4}{\376\377\004\024\004\076\004\072\004\103\004\074\004\065\004\075\004\102\004\060\004\106\004\070\004\117\000\040\004\061\004\070\004\100\004\066}{section.3}% 17
\BOOKMARK [2][-]{subsection.3.5}{\376\377\004\024\004\076\004\072\004\103\004\074\004\065\004\075\004\102\004\060\004\106\004\070\004\117\000\040\004\061\004\070\004\061\004\073\004\070\004\076\004\102\004\065\004\072}{section.3}% 18
\BOOKMARK [2][-]{subsection.3.6}{\376\377\004\020\004\075\004\060\004\073\004\076\004\063\004\070}{section.3}% 19
\BOOKMARK [1][-]{section.4}{\376\377\004\040\004\065\004\104\004\065\004\100\004\060\004\102}{}% 20
